<?xml version="1.0" encoding="UTF-8"?>
<!-- Generated by org.testng.reporters.JUnitXMLReporter -->
<testsuite hostname="smartsubbi-PC" name="Test" tests="4" failures="0" timestamp="18 Oct 2015 17:49:59 GMT" time="198.466" errors="0">
  <testcase name="ValidAuthorisedPlayerLogin" time="50.601" classname="TestCases.TestCase1"/>
  <testcase name="ValidAuthorisedParentLogin" time="46.278" classname="TestCases.TestCase2"/>
  <testcase name="ValidNonAuthorisedParentLogin" time="51.321" classname="TestCases.TestCase3"/>
  <testcase name="ValidNonAuthorisedPlayerLogin" time="50.143" classname="TestCases.TestCase4"/>
</testsuite> <!-- Test -->
