<?xml version="1.0" encoding="UTF-8"?>
<testng-results skipped="0" failed="0" total="1" passed="1">
  <reporter-output>
  </reporter-output>
  <suite name="Default suite" duration-ms="129674" started-at="2015-10-18T19:29:51Z" finished-at="2015-10-18T19:32:01Z">
    <groups>
    </groups>
    <test name="Default test" duration-ms="129674" started-at="2015-10-18T19:29:51Z" finished-at="2015-10-18T19:32:01Z">
      <class name="TestCases.TestCase5">
        <test-method status="PASS" signature="setUp()[pri:0, instance:TestCases.TestCase5@43a25848]" name="setUp" is-config="true" duration-ms="46" started-at="2015-10-19T00:59:51Z" finished-at="2015-10-19T00:59:51Z">
          <reporter-output>
          </reporter-output>
        </test-method> <!-- setUp -->
        <test-method status="PASS" signature="ValidNonAuthorisedPlayerLogin()[pri:0, instance:TestCases.TestCase5@43a25848]" name="ValidNonAuthorisedPlayerLogin" duration-ms="129581" started-at="2015-10-19T00:59:51Z" finished-at="2015-10-19T01:02:01Z">
          <reporter-output>
          </reporter-output>
        </test-method> <!-- ValidNonAuthorisedPlayerLogin -->
        <test-method status="PASS" signature="tearDown()[pri:0, instance:TestCases.TestCase5@43a25848]" name="tearDown" is-config="true" duration-ms="31" started-at="2015-10-19T01:02:01Z" finished-at="2015-10-19T01:02:01Z">
          <reporter-output>
          </reporter-output>
        </test-method> <!-- tearDown -->
        <test-method status="PASS" signature="afterTest(org.testng.ITestResult)[pri:0, instance:TestCases.TestCase5@43a25848]" name="afterTest" is-config="true" duration-ms="0" started-at="2015-10-19T01:02:01Z" finished-at="2015-10-19T01:02:01Z">
          <params>
            <param index="0">
              <value>
                <![CDATA[[TestResult name=ValidNonAuthorisedPlayerLogin status=SUCCESS method=TestCase5.ValidNonAuthorisedPlayerLogin()[pri:0, instance:TestCases.TestCase5@43a25848] output={null}]]]>
              </value>
            </param>
          </params>
          <reporter-output>
          </reporter-output>
        </test-method> <!-- afterTest -->
      </class> <!-- TestCases.TestCase5 -->
    </test> <!-- Default test -->
  </suite> <!-- Default suite -->
</testng-results>
